<?xml version="1.0" encoding="UTF-8"?>
<!-- Generated by org.testng.reporters.JUnitReportReporter -->
<testsuite hostname="DESKTOP-OLMI7T4" failures="0" tests="3" name="BaseTest.GoogleTest" time="0.178" errors="0" timestamp="2024-03-18T17:55:00 WAT" skipped="0">
  <testcase classname="BaseTest.GoogleTest" name="firstTest" time="0.047"/>
  <testcase classname="BaseTest.GoogleTest" name="SecondTest" time="0.088"/>
  <testcase classname="BaseTest.GoogleTest" name="thirdTest" time="0.043"/>
</testsuite> <!-- BaseTest.GoogleTest -->
