<?xml version="1.0" encoding="UTF-8"?>
<!-- Generated by org.testng.reporters.JUnitReportReporter -->
<testsuite hostname="DESKTOP-OLMI7T4" failures="0" tests="2" name="com.mystore.testcases.IndexPageTest" time="25.494" errors="0" timestamp="2024-03-05T14:02:16 WAT" skipped="0">
  <testcase classname="com.mystore.testcases.IndexPageTest" name="verifylogo" time="16.139"/>
  <testcase classname="com.mystore.testcases.IndexPageTest" name="verifyTitle" time="9.355"/>
</testsuite> <!-- com.mystore.testcases.IndexPageTest -->
