<?xml version="1.0" encoding="UTF-8"?>
<!-- Generated by org.testng.reporters.JUnitReportReporter -->
<testsuite hostname="DESKTOP-OLMI7T4" failures="0" tests="1" name="com.mystore.testcases.LoginTest" time="20.884" errors="0" timestamp="2024-03-03T17:35:20 WAT" skipped="0">
  <testcase classname="com.mystore.testcases.LoginTest" name="loginTest" time="20.884"/>
</testsuite> <!-- com.mystore.testcases.LoginTest -->
