<?xml version="1.0" encoding="UTF-8"?>
<!-- Generated by org.testng.reporters.JUnitReportReporter -->
<testsuite hostname="DESKTOP-OLMI7T4" failures="0" tests="2" name="com.mystore.testcases.HomePageTest" time="34.058" errors="0" timestamp="2024-03-05T14:02:16 WAT" skipped="0">
  <testcase classname="com.mystore.testcases.HomePageTest" name="verifyCreditSlip" time="15.138"/>
  <testcase classname="com.mystore.testcases.HomePageTest" name="verifyOrderHistory" time="18.920"/>
</testsuite> <!-- com.mystore.testcases.HomePageTest -->
