<?xml version="1.0" encoding="UTF-8"?>
<!-- Generated by org.testng.reporters.JUnitReportReporter -->
<testsuite hostname="DESKTOP-OLMI7T4" failures="0" tests="1" name="com.mystore.testcases.OrderPageTest" time="19.748" errors="0" timestamp="2024-03-07T17:26:26 WAT" skipped="0">
  <testcase classname="com.mystore.testcases.OrderPageTest" name="verifyProductPrice" time="19.748"/>
</testsuite> <!-- com.mystore.testcases.OrderPageTest -->
