<?xml version="1.0" encoding="UTF-8"?>
<!-- Generated by org.testng.reporters.JUnitReportReporter -->
<testsuite hostname="DESKTOP-OLMI7T4" failures="0" tests="1" name="com.mystore.testcases.AccountCreationTest" time="17.629" errors="0" timestamp="2024-03-03T17:35:20 WAT" skipped="0">
  <testcase classname="com.mystore.testcases.AccountCreationTest" name="accountCreate" time="17.629"/>
</testsuite> <!-- com.mystore.testcases.AccountCreationTest -->
