<?xml version="1.0" encoding="UTF-8"?>
<!-- Generated by org.testng.reporters.JUnitReportReporter -->
<testsuite hostname="DESKTOP-OLMI7T4" failures="0" tests="1" name="com.mystore.testcases.SearchResultTest" time="21.328" errors="0" timestamp="2024-03-03T17:35:20 WAT" skipped="0">
  <testcase classname="com.mystore.testcases.SearchResultTest" name="productAvailability" time="21.328"/>
</testsuite> <!-- com.mystore.testcases.SearchResultTest -->
