<?xml version="1.0" encoding="UTF-8"?>
<!-- Generated by org.testng.reporters.JUnitReportReporter -->
<testsuite hostname="DESKTOP-OLMI7T4" failures="0" tests="1" name="com.mystore.testcases.AddToCartTest" time="52.024" errors="0" timestamp="2024-03-03T21:20:35 WAT" skipped="0">
  <testcase classname="com.mystore.testcases.AddToCartTest" name="addtoCartTest" time="52.024"/>
</testsuite> <!-- com.mystore.testcases.AddToCartTest -->
